Launching lib\main.dart on SM S918B in debug mode...
Running Gradle task 'assembleDebug'...                          
warning: [options] source value 8 is obsolete and will be removed in a future release
warning: [options] target value 8 is obsolete and will be removed in a future release
warning: [options] To suppress warnings about obsolete options, use -Xlint:-options.
3 warnings
e: file:///C:/Users/ErnestHome/AppData/Local/Pub/Cache/hosted/pub.dev/health-10.2.0/android/src/main/kotlin/cachet/plugins/health/HealthPlugin.kt:51:48 Unresolved reference 'Registrar'.
e: file:///C:/Users/ErnestHome/AppData/Local/Pub/Cache/hosted/pub.dev/health-10.2.0/android/src/main/kotlin/cachet/plugins/health/HealthPlugin.kt:513:45 Unresolved reference 'Registrar'.
e: file:///C:/Users/ErnestHome/AppData/Local/Pub/Cache/hosted/pub.dev/health-10.2.0/android/src/main/kotlin/cachet/plugins/health/HealthPlugin.kt:514:63 Unresolved reference 'messenger'.
e: file:///C:/Users/ErnestHome/AppData/Local/Pub/Cache/hosted/pub.dev/health-10.2.0/android/src/main/kotlin/cachet/plugins/health/HealthPlugin.kt:516:35 Unresolved reference 'addActivityResultListener'.

FAILURE: Build failed with an exception.

* What went wrong:
Execution failed for task ':health:compileDebugKotlin'.
> A failure occurred while executing org.jetbrains.kotlin.compilerRunner.GradleCompilerRunnerWithWorkers$GradleKotlinCompilerWorkAction
   > Compilation error. See log for more details

* Try:
> Run with --stacktrace option to get the stack trace.
> Run with --info or --debug option to get more log output.
> Run with --scan to get full insights.
> Get more help at https://help.gradle.org.

BUILD FAILED in 19s
Running Gradle task 'assembleDebug'...                             20.1s
Error: Gradle task assembleDebug failed with exit code 1
