
Welcome to Gradle 7.6!

Here are the highlights of this release:
 - Added support for Java 19.
 - Introduced `--rerun` flag for individual task rerun.
 - Improved dependency block for test suites to be strongly typed.
 - Added a pluggable system for Java toolchains provisioning.

For more details see https://docs.gradle.org/7.6/release-notes.html


> Configure project :gradle
WARNING: Unsupported Kotlin plugin version.
The `embedded-kotlin` and `kotlin-dsl` plugins rely on features of Kotlin `1.7.10` that might work differently than in the requested version `1.9.20`.

> Task :gradle:checkKotlinGradlePluginConfigurationErrors
> Task :gradle:pluginDescriptors UP-TO-DATE
> Task :gradle:processResources UP-TO-DATE

> Task :gradle:compileKotlin
w: Inconsistent JVM-target compatibility detected for tasks 'compileJava' (11) and 'compileKotlin' (1.8).
This will become an error in Gradle 8.0.
Consider using JVM Toolchain: https://kotl.in/gradle/jvm/toolchain
Learn more about JVM-target validation: https://kotl.in/gradle/jvm/target-validation 

e: file:///C:/flutter/packages/flutter_tools/gradle/src/main/kotlin/FlutterPlugin.kt:744:21 Unresolved reference: filePermissions
e: file:///C:/flutter/packages/flutter_tools/gradle/src/main/kotlin/FlutterPlugin.kt:745:25 Unresolved reference: user
e: file:///C:/flutter/packages/flutter_tools/gradle/src/main/kotlin/FlutterPlugin.kt:746:29 Unresolved reference: read
e: file:///C:/flutter/packages/flutter_tools/gradle/src/main/kotlin/FlutterPlugin.kt:747:29 Unresolved reference: write

> Task :gradle:compileKotlin FAILED

FAILURE: Build failed with an exception.

* What went wrong:
Execution failed for task ':gradle:compileKotlin'.
> A failure occurred while executing org.jetbrains.kotlin.compilerRunner.GradleCompilerRunnerWithWorkers$GradleKotlinCompilerWorkAction
   > Compilation error. See log for more details

* Try:
> Run with --stacktrace option to get the stack trace.
> Run with --info or --debug option to get more log output.
> Run with --scan to get full insights.

* Get more help at https://help.gradle.org

BUILD FAILED in 4s
4 actionable tasks: 2 executed, 2 up-to-date
